0 info it worked if it ends with ok
1 verbose cli [ 'C:\\Program Files\\nodejs\\node.exe',
1 verbose cli   'C:\\Program Files\\nodejs\\node_modules\\npm\\bin\\npm-cli.js',
1 verbose cli   'start' ]
2 info using npm@4.1.2
3 info using node@v7.7.3
4 verbose run-script [ 'prestart', 'start', 'poststart' ]
5 info lifecycle spbot@1.0.0~prestart: spbot@1.0.0
6 silly lifecycle spbot@1.0.0~prestart: no script for prestart, continuing
7 info lifecycle spbot@1.0.0~start: spbot@1.0.0
8 verbose lifecycle spbot@1.0.0~start: unsafe-perm in lifecycle true
9 verbose lifecycle spbot@1.0.0~start: PATH: C:\Program Files\nodejs\node_modules\npm\bin\node-gyp-bin;C:\Users\user\Desktop\spbot\node_modules\.bin;C:\Users\user\bin;C:\Program Files\Git\mingw64\bin;C:\Program Files\Git\usr\local\bin;C:\Program Files\Git\usr\bin;C:\Program Files\Git\usr\bin;C:\Program Files\Git\mingw64\bin;C:\Program Files\Git\usr\bin;C:\Users\user\bin;C:\ProgramData\Oracle\Java\javapath;C:\Windows\system32;C:\Windows;C:\Windows\System32\Wbem;C:\Windows\System32\WindowsPowerShell\v1.0;C:\Program Files (x86)\NVIDIA Corporation\PhysX\Common;C:\Program Files\Intel\WiFi\bin;C:\Program Files\Common Files\Intel\WirelessCommon;C:\Program Files\OpenVPN\bin;D:\MATLAB\Matlab2015b\runtime\win64;D:\MATLAB\Matlab2015b\bin;D:\MATLAB\Matlab2015b\polyspace\bin;C:\Program Files (x86)\Microsoft SQL Server\110\Tools\Binn;C:\Program Files\Microsoft SQL Server\110\Tools\Binn;C:\Program Files\Microsoft SQL Server\110\DTS\Binn;D:\Matlabtoolbox\bin;C:\Program Files (x86)\QuickTime\QTSystem;C:\Program Files (x86)\Skype\Phone;C:\Program Files\nodejs;C:\Program Files\Git\cmd;C:\Program Files\PuTTY;C:\Program Files\Intel\WiFi\bin;C:\Program Files\Common Files\Intel\WirelessCommon;C:\Users\user\AppData\Local\Programs\Python\Python35;C:\Users\user\AppData\Local\Programs\Python\Python35\Scripts;C:\Users\user\AppData\Roaming\npm;C:\Program Files\Heroku\bin;C:\Program Files\Git\usr\bin\vendor_perl;C:\Program Files\Git\usr\bin\core_perl
10 verbose lifecycle spbot@1.0.0~start: CWD: C:\Users\user\Desktop\spbot
11 silly lifecycle spbot@1.0.0~start: Args: [ '/d /s /c', 'node ./index.js' ]
12 silly lifecycle spbot@1.0.0~start: Returned: code: 1  signal: null
13 info lifecycle spbot@1.0.0~start: Failed to exec start script
14 verbose stack Error: spbot@1.0.0 start: `node ./index.js`
14 verbose stack Exit status 1
14 verbose stack     at EventEmitter.<anonymous> (C:\Program Files\nodejs\node_modules\npm\lib\utils\lifecycle.js:279:16)
14 verbose stack     at emitTwo (events.js:106:13)
14 verbose stack     at EventEmitter.emit (events.js:194:7)
14 verbose stack     at ChildProcess.<anonymous> (C:\Program Files\nodejs\node_modules\npm\lib\utils\spawn.js:40:14)
14 verbose stack     at emitTwo (events.js:106:13)
14 verbose stack     at ChildProcess.emit (events.js:194:7)
14 verbose stack     at maybeClose (internal/child_process.js:899:16)
14 verbose stack     at Process.ChildProcess._handle.onexit (internal/child_process.js:226:5)
15 verbose pkgid spbot@1.0.0
16 verbose cwd C:\Users\user\Desktop\spbot
17 error Windows_NT 6.3.9600
18 error argv "C:\\Program Files\\nodejs\\node.exe" "C:\\Program Files\\nodejs\\node_modules\\npm\\bin\\npm-cli.js" "start"
19 error node v7.7.3
20 error npm  v4.1.2
21 error code ELIFECYCLE
22 error spbot@1.0.0 start: `node ./index.js`
22 error Exit status 1
23 error Failed at the spbot@1.0.0 start script 'node ./index.js'.
23 error Make sure you have the latest version of node.js and npm installed.
23 error If you do, this is most likely a problem with the spbot package,
23 error not with npm itself.
23 error Tell the author that this fails on your system:
23 error     node ./index.js
23 error You can get information on how to open an issue for this project with:
23 error     npm bugs spbot
23 error Or if that isn't available, you can get their info via:
23 error     npm owner ls spbot
23 error There is likely additional logging output above.
24 verbose exit [ 1, true ]
